[debug] [2017-10-01T18:12:54.305Z] ----------------------------------------------------------------------
[debug] [2017-10-01T18:12:54.310Z] Command:       C:\Program Files\nodejs\node.exe C:\Users\mazma\AppData\Roaming\npm\node_modules\firebase-tools\bin\firebase deploy
[debug] [2017-10-01T18:12:54.310Z] CLI Version:   3.12.0
[debug] [2017-10-01T18:12:54.310Z] Platform:      win32
[debug] [2017-10-01T18:12:54.310Z] Node Version:  v8.2.1
[debug] [2017-10-01T18:12:54.311Z] Time:          Sun Oct 01 2017 21:12:54 GMT+0300 (שעון קיץ ירושלים)
[debug] [2017-10-01T18:12:54.311Z] ----------------------------------------------------------------------
[debug] 
[debug] [2017-10-01T18:12:54.330Z] > command requires scopes: ["email","openid","https://www.googleapis.com/auth/cloudplatformprojects.readonly","https://www.googleapis.com/auth/firebase","https://www.googleapis.com/auth/cloud-platform"]
[debug] [2017-10-01T18:12:54.331Z] > authorizing via signed-in user
[debug] [2017-10-01T18:12:54.333Z] > refreshing access token with scopes: ["email","https://www.googleapis.com/auth/cloud-platform","https://www.googleapis.com/auth/cloudplatformprojects.readonly","https://www.googleapis.com/auth/firebase","openid"]
[debug] [2017-10-01T18:12:54.333Z] >>> HTTP REQUEST POST https://www.googleapis.com/oauth2/v3/token { refresh_token: '1/6moGWVT4r95vIAJUFBFH0TgqdleY5JQj4fIS-2Boxk8',
  client_id: '563584335869-fgrhgmd47bqnekij5i8b5pr03ho849e6.apps.googleusercontent.com',
  client_secret: 'j9iVZfS8kkCEFUPaAeJV0sAi',
  grant_type: 'refresh_token',
  scope: 'email https://www.googleapis.com/auth/cloud-platform https://www.googleapis.com/auth/cloudplatformprojects.readonly https://www.googleapis.com/auth/firebase openid' } 
 Sun Oct 01 2017 21:12:54 GMT+0300 (שעון קיץ ירושלים)
[debug] [2017-10-01T18:12:54.734Z] <<< HTTP RESPONSE 200
[debug] [2017-10-01T18:12:54.814Z] >>> HTTP REQUEST GET https://admin.firebase.com/v1/projects/todoapplicatoin  
 Sun Oct 01 2017 21:12:54 GMT+0300 (שעון קיץ ירושלים)
[debug] [2017-10-01T18:13:00.156Z] <<< HTTP RESPONSE 200
[debug] [2017-10-01T18:13:00.157Z] >>> HTTP REQUEST GET https://admin.firebase.com/v1/database/todoapplicatoin/tokens  
 Sun Oct 01 2017 21:13:00 GMT+0300 (שעון קיץ ירושלים)
[debug] [2017-10-01T18:13:00.946Z] <<< HTTP RESPONSE 200
[info] 
[info] === Deploying to 'todoapplicatoin'...
[info] 
[info] i  deploying functions, hosting
[debug] [2017-10-01T18:13:03.052Z] > [functions] package.json contents: {
  "name": "functions",
  "description": "Cloud Functions for Firebase",
  "dependencies": {
    "firebase-admin": "~5.2.1",
    "firebase-functions": "^0.6.2"
  },
  "private": true
}
[info] i  functions: ensuring necessary APIs are enabled...
[info] i  runtimeconfig: ensuring necessary APIs are enabled...
[debug] [2017-10-01T18:13:03.057Z] >>> HTTP REQUEST GET https://servicemanagement.googleapis.com/v1/services/cloudfunctions.googleapis.com/projectSettings/todoapplicatoin?view=CONSUMER_VIEW  
 Sun Oct 01 2017 21:13:03 GMT+0300 (שעון קיץ ירושלים)
[debug] [2017-10-01T18:13:03.058Z] >>> HTTP REQUEST GET https://servicemanagement.googleapis.com/v1/services/runtimeconfig.googleapis.com/projectSettings/todoapplicatoin?view=CONSUMER_VIEW  
 Sun Oct 01 2017 21:13:03 GMT+0300 (שעון קיץ ירושלים)
[debug] [2017-10-01T18:13:04.260Z] <<< HTTP RESPONSE 200
[info] +  runtimeconfig: all necessary APIs are enabled
[debug] [2017-10-01T18:13:04.354Z] <<< HTTP RESPONSE 200
[info] +  functions: all necessary APIs are enabled
[debug] [2017-10-01T18:13:04.357Z] >>> HTTP REQUEST GET https://appengine.googleapis.com/v1/apps/todoapplicatoin  
 Sun Oct 01 2017 21:13:04 GMT+0300 (שעון קיץ ירושלים)
[debug] [2017-10-01T18:13:04.358Z] >>> HTTP REQUEST GET https://apikeys.googleapis.com/v1/projects/todoapplicatoin/apiKeys  
 Sun Oct 01 2017 21:13:04 GMT+0300 (שעון קיץ ירושלים)
[debug] [2017-10-01T18:13:05.605Z] <<< HTTP RESPONSE 200
[debug] [2017-10-01T18:13:05.703Z] <<< HTTP RESPONSE 200
[info] i  functions: preparing functions directory for uploading...
[debug] [2017-10-01T18:13:16.717Z] >>> HTTP REQUEST GET https://runtimeconfig.googleapis.com/v1beta1/projects/todoapplicatoin/configs  
 Sun Oct 01 2017 21:13:16 GMT+0300 (שעון קיץ ירושלים)
[debug] [2017-10-01T18:13:17.142Z] <<< HTTP RESPONSE 200
[info] i  functions: packaged functions (15.87 KB) for uploading
[debug] [2017-10-01T18:13:26.714Z] >>> HTTP REQUEST GET https://www.googleapis.com/storage/v1/b/staging.todoapplicatoin.appspot.com  
 Sun Oct 01 2017 21:13:26 GMT+0300 (שעון קיץ ירושלים)
[debug] [2017-10-01T18:13:27.055Z] <<< HTTP RESPONSE 200
[debug] [2017-10-01T18:13:27.058Z] >>> HTTP REQUEST POST https://www.googleapis.com/upload/storage/v1/b/staging.todoapplicatoin.appspot.com/o?uploadType=media&name=firebase-functions-source ReadStream {
  _readableState: 
   ReadableState {
     objectMode: false,
     highWaterMark: 65536,
     buffer: BufferList { head: [Object], tail: [Object], length: 1 },
     length: 16248,
     pipes: null,
     pipesCount: 0,
     flowing: null,
     ended: true,
     endEmitted: false,
     reading: false,
     sync: false,
     needReadable: false,
     emittedReadable: true,
     readableListening: false,
     resumeScheduled: false,
     destroyed: false,
     defaultEncoding: 'utf8',
     awaitDrain: 0,
     readingMore: false,
     decoder: null,
     encoding: null },
  readable: true,
  domain: null,
  _events: { end: [Function] },
  _eventsCount: 1,
  _maxListeners: undefined,
  path: 'C:\\Users\\mazma\\AppData\\Local\\Temp\\firebase-functions-117961g5plYMnGpTF.zip',
  fd: 5,
  flags: 'r',
  mode: 438,
  start: undefined,
  end: undefined,
  autoClose: true,
  pos: undefined,
  bytesRead: 16248 } 
 Sun Oct 01 2017 21:13:27 GMT+0300 (שעון קיץ ירושלים)
[debug] [2017-10-01T18:13:28.808Z] <<< HTTP RESPONSE 200
[info] +  functions: functions folder uploaded successfully
[info] i  hosting: preparing dist directory for upload...
[debug] [2017-10-01T18:13:29.018Z] >>> HTTP REQUEST PUT https://deploy.firebase.com/v1/hosting/todoapplicatoin/uploads/-KvO83cik2pPqiH1NHEf?fileCount=11&message=  
 Sun Oct 01 2017 21:13:29 GMT+0300 (שעון קיץ ירושלים)
[debug] [2017-10-01T18:13:37.425Z] <<< HTTP RESPONSE 200
[debug] [2017-10-01T18:13:37.426Z] [hosting] .tgz uploaded successfully, waiting for extraction
[info] +  hosting: 11 files uploaded successfully
[info] i  starting release process (may take several minutes)...
[debug] [2017-10-01T18:13:38.204Z] >>> HTTP REQUEST GET https://cloudfunctions.googleapis.com/v1beta2/projects/todoapplicatoin/locations/us-central1/functions  
 Sun Oct 01 2017 21:13:38 GMT+0300 (שעון קיץ ירושלים)
[debug] [2017-10-01T18:13:39.219Z] <<< HTTP RESPONSE 200
[info] i  functions: updating function createAcc...
[debug] [2017-10-01T18:13:39.229Z] Trigger is: 
[debug] [2017-10-01T18:13:39.230Z] >>> HTTP REQUEST PUT https://cloudfunctions.googleapis.com/v1beta2/projects/todoapplicatoin/locations/us-central1/functions/createAcc { sourceArchiveUrl: 'gs://staging.todoapplicatoin.appspot.com/firebase-functions-source',
  name: 'projects/todoapplicatoin/locations/us-central1/functions/createAcc',
  entryPoint: 'createAcc',
  timeout: '60s',
  availableMemoryMb: 256,
  eventTrigger: 
   { resource: 'projects/_/instances/todoapplicatoin/refs/users/{userUID}',
     eventType: 'providers/google.firebase.database/eventTypes/ref.update' } } 
 Sun Oct 01 2017 21:13:39 GMT+0300 (שעון קיץ ירושלים)
[debug] [2017-10-01T18:13:40.201Z] <<< HTTP RESPONSE 200
[debug] [2017-10-01T18:13:40.205Z] >>> HTTP REQUEST GET https://cloudfunctions.googleapis.com/v1beta2/projects/todoapplicatoin/locations/us-central1/functions  
 Sun Oct 01 2017 21:13:40 GMT+0300 (שעון קיץ ירושלים)
[debug] [2017-10-01T18:13:40.206Z] >>> HTTP REQUEST GET https://cloudfunctions.googleapis.com/v1beta2/operations/dG9kb2FwcGxpY2F0b2luL3VzLWNlbnRyYWwxL2NyZWF0ZUFjYy9FNEVFVVM5M010aw  
 Sun Oct 01 2017 21:13:40 GMT+0300 (שעון קיץ ירושלים)
[debug] [2017-10-01T18:13:41.095Z] <<< HTTP RESPONSE 200
[debug] [2017-10-01T18:13:41.103Z] [functions] operation poll: createAcc: update operations/dG9kb2FwcGxpY2F0b2luL3VzLWNlbnRyYWwxL2NyZWF0ZUFjYy9FNEVFVVM5M010aw is not done.
[debug] [2017-10-01T18:13:41.152Z] <<< HTTP RESPONSE 200
[debug] [2017-10-01T18:13:46.107Z] >>> HTTP REQUEST GET https://cloudfunctions.googleapis.com/v1beta2/operations/dG9kb2FwcGxpY2F0b2luL3VzLWNlbnRyYWwxL2NyZWF0ZUFjYy9FNEVFVVM5M010aw  
 Sun Oct 01 2017 21:13:46 GMT+0300 (שעון קיץ ירושלים)
[debug] [2017-10-01T18:13:46.996Z] <<< HTTP RESPONSE 200
[debug] [2017-10-01T18:13:46.996Z] [functions] operation poll: createAcc: update operations/dG9kb2FwcGxpY2F0b2luL3VzLWNlbnRyYWwxL2NyZWF0ZUFjYy9FNEVFVVM5M010aw is not done.
[debug] [2017-10-01T18:13:52.011Z] >>> HTTP REQUEST GET https://cloudfunctions.googleapis.com/v1beta2/operations/dG9kb2FwcGxpY2F0b2luL3VzLWNlbnRyYWwxL2NyZWF0ZUFjYy9FNEVFVVM5M010aw  
 Sun Oct 01 2017 21:13:52 GMT+0300 (שעון קיץ ירושלים)
[debug] [2017-10-01T18:13:52.915Z] <<< HTTP RESPONSE 200
[debug] [2017-10-01T18:13:52.915Z] [functions] operation poll: createAcc: update operations/dG9kb2FwcGxpY2F0b2luL3VzLWNlbnRyYWwxL2NyZWF0ZUFjYy9FNEVFVVM5M010aw is not done.
[debug] [2017-10-01T18:13:57.919Z] >>> HTTP REQUEST GET https://cloudfunctions.googleapis.com/v1beta2/operations/dG9kb2FwcGxpY2F0b2luL3VzLWNlbnRyYWwxL2NyZWF0ZUFjYy9FNEVFVVM5M010aw  
 Sun Oct 01 2017 21:13:57 GMT+0300 (שעון קיץ ירושלים)
[debug] [2017-10-01T18:13:58.833Z] <<< HTTP RESPONSE 200
[debug] [2017-10-01T18:13:58.834Z] [functions] operation poll: createAcc: update operations/dG9kb2FwcGxpY2F0b2luL3VzLWNlbnRyYWwxL2NyZWF0ZUFjYy9FNEVFVVM5M010aw is not done.
